
> website@0.0.0 build
> docusaurus build

[INFO] Website will be built for all these locales: 
- ja
- en
[INFO] [ja] Creating an optimized production build...
[info] [webpackbar] Compiling Client
[info] [webpackbar] Compiling Server
[success] [webpackbar] Server: Compiled successfully in 3.16s
[success] [webpackbar] Client: Compiled successfully in 6.16s

[ERROR] Error: Unable to build website for locale ja.
    at tryToBuildLocale (G:\repogitory\site-docusaurus-react-study\website\node_modules\@docusaurus\core\lib\commands\build\build.js:83:15)
    at async G:\repogitory\site-docusaurus-react-study\website\node_modules\@docusaurus\core\lib\commands\build\build.js:35:9
    at async mapAsyncSequential (G:\repogitory\site-docusaurus-react-study\website\node_modules\@docusaurus\utils\lib\jsUtils.js:21:24)
    at async Command.build (G:\repogitory\site-docusaurus-react-study\website\node_modules\@docusaurus\core\lib\commands\build\build.js:34:5)
    at async Promise.all (index 0)
    at async runCLI (G:\repogitory\site-docusaurus-react-study\website\node_modules\@docusaurus\core\lib\commands\cli.js:56:5)
    at async file:///G:/repogitory/site-docusaurus-react-study/website/node_modules/@docusaurus/core/bin/docusaurus.mjs:44:3 {
  [cause]: Error: Docusaurus static site generation failed for 3 paths:
  - "/docs/next-study/next_study_033"
  - "/docs/next-study/next_study_062"
  - "/docs/next-study/next_study_080"
      at throwSSGError (G:\repogitory\site-docusaurus-react-study\website\node_modules\@docusaurus\core\lib\ssg\ssgGlobalResult.js:56:11)
      at createGlobalSSGResult (G:\repogitory\site-docusaurus-react-study\website\node_modules\@docusaurus\core\lib\ssg\ssgGlobalResult.js:66:9)
      ... 7 lines matching cause stack trace ...
      at async mapAsyncSequential (G:\repogitory\site-docusaurus-react-study\website\node_modules\@docusaurus\utils\lib\jsUtils.js:21:24) {
    [cause]: AggregateError
        at throwSSGError (G:\repogitory\site-docusaurus-react-study\website\node_modules\@docusaurus\core\lib\ssg\ssgGlobalResult.js:57:16)
        at createGlobalSSGResult (G:\repogitory\site-docusaurus-react-study\website\node_modules\@docusaurus\core\lib\ssg\ssgGlobalResult.js:66:9)
        at G:\repogitory\site-docusaurus-react-study\website\node_modules\@docusaurus\core\lib\ssg\ssgExecutor.js:30:68
        at async executeSSG (G:\repogitory\site-docusaurus-react-study\website\node_modules\@docusaurus\core\lib\ssg\ssgExecutor.js:144:20)
        at async buildLocale (G:\repogitory\site-docusaurus-react-study\website\node_modules\@docusaurus\core\lib\commands\build\buildLocale.js:84:31)
        at async runBuildLocaleTask (G:\repogitory\site-docusaurus-react-study\website\node_modules\@docusaurus\core\lib\commands\build\build.js:98:5)
        at async G:\repogitory\site-docusaurus-react-study\website\node_modules\@docusaurus\core\lib\commands\build\build.js:79:13
        at async tryToBuildLocale (G:\repogitory\site-docusaurus-react-study\website\node_modules\@docusaurus\core\lib\commands\build\build.js:75:9)
        at async G:\repogitory\site-docusaurus-react-study\website\node_modules\@docusaurus\core\lib\commands\build\build.js:35:9
        at async mapAsyncSequential (G:\repogitory\site-docusaurus-react-study\website\node_modules\@docusaurus\utils\lib\jsUtils.js:21:24) {
      [errors]: [
[INFO] Docusaurus version: 3.9.2
Node version: v22.18.0
        Error: Can't render static file for pathname "/docs/next-study/next_study_033"
            at generateStaticFile (G:\repogitory\site-docusaurus-react-study\website\node_modules\@docusaurus\core\lib\ssg\ssgRenderer.js:131:20)
            at async G:\repogitory\site-docusaurus-react-study\website\node_modules\p-map\index.js:57:22 {
          [cause]: ReferenceError: s is not defined
              at _createMdxContent (server.bundle.js:47199:28)
              at MDXContent (server.bundle.js:47330:8)
              at renderWithHooks (server.bundle.js:154834:18)
              at renderElement (server.bundle.js:154972:14)
              at retryNode (server.bundle.js:155690:16)
              at renderNodeDestructive (server.bundle.js:155484:7)
              at renderElement (server.bundle.js:155417:11)
              at retryNode (server.bundle.js:155690:16)
              at renderNodeDestructive (server.bundle.js:155484:7)
              at finishFunctionComponent (server.bundle.js:154875:9)
        },
        Error: Can't render static file for pathname "/docs/next-study/next_study_062"
            at generateStaticFile (G:\repogitory\site-docusaurus-react-study\website\node_modules\@docusaurus\core\lib\ssg\ssgRenderer.js:131:20)
            at async G:\repogitory\site-docusaurus-react-study\website\node_modules\p-map\index.js:57:22 {
          [cause]: ReferenceError: a is not defined
              at _createMdxContent (server.bundle.js:217521:28)
              at MDXContent (server.bundle.js:217672:8)
              at renderWithHooks (server.bundle.js:154834:18)
              at renderElement (server.bundle.js:154972:14)
              at retryNode (server.bundle.js:155690:16)
              at renderNodeDestructive (server.bundle.js:155484:7)
              at renderElement (server.bundle.js:155417:11)
              at retryNode (server.bundle.js:155690:16)
              at renderNodeDestructive (server.bundle.js:155484:7)
              at finishFunctionComponent (server.bundle.js:154875:9)
        },
        Error: Can't render static file for pathname "/docs/next-study/next_study_080"
            at generateStaticFile (G:\repogitory\site-docusaurus-react-study\website\node_modules\@docusaurus\core\lib\ssg\ssgRenderer.js:131:20)
            at async G:\repogitory\site-docusaurus-react-study\website\node_modules\p-map\index.js:57:22 {
          [cause]: ReferenceError: revalidate is not defined
              at _createMdxContent (server.bundle.js:2044:35)
              at MDXContent (server.bundle.js:2286:8)
              at renderWithHooks (server.bundle.js:154834:18)
              at renderElement (server.bundle.js:154972:14)
              at retryNode (server.bundle.js:155690:16)
              at renderNodeDestructive (server.bundle.js:155484:7)
              at renderElement (server.bundle.js:155417:11)
              at retryNode (server.bundle.js:155690:16)
              at renderNodeDestructive (server.bundle.js:155484:7)
              at finishFunctionComponent (server.bundle.js:154875:9)
        }
      ]
    }
  }
}
