
> website@0.0.0 build
> docusaurus build

[INFO] Website will be built for all these locales: 
- ja
- en
[INFO] [ja] Creating an optimized production build...
[info] [webpackbar] Compiling Client
[info] [webpackbar] Compiling Server
[success] [webpackbar] Server: Compiled with some errors in 8.05s
<w> [webpack.cache.PackFileCacheStrategy] Skipped not serializable cache item 'Compilation/modules|G:\repogitory\site-docusaurus-react-study\website\node_modules\@docusaurus\mdx-loader\lib\index.js??ruleSet[1].rules[8].use[0]!G:\repogitory\site-docusaurus-react-study\website\docs\next-study\next_study_080.md': No serializer registered for VFileMessage
<w> while serializing webpack/lib/cache/PackFileCacheStrategy.PackContentItems -> webpack/lib/NormalModule -> webpack/lib/ModuleBuildError -> Error -> VFileMessage
<w> [webpack.cache.PackFileCacheStrategy] Skipped not serializable cache item 'Compilation/modules|G:\repogitory\site-docusaurus-react-study\website\node_modules\@docusaurus\mdx-loader\lib\index.js??ruleSet[1].rules[8].use[0]!G:\repogitory\site-docusaurus-react-study\website\docs\next-study\next_study_107.md': No serializer registered for VFileMessage
<w> while serializing webpack/lib/cache/PackFileCacheStrategy.PackContentItems -> webpack/lib/NormalModule -> webpack/lib/ModuleBuildError -> Error -> VFileMessage
[success] [webpackbar] Client: Compiled with some errors in 32.49s
[ERROR] Client bundle compiled with errors therefore further build is impossible.
Error: MDX compilation failed for file "G:\repogitory\site-docusaurus-react-study\website\docs\next-study\next_study_080.md"
Cause: Could not parse expression with acorn
Details:
{
  "cause": {
    "pos": 3563,
    "loc": {
      "line": 169,
      "column": 22
    }
  },
  "column": 23,
  "file": "",
  "message": "Could not parse expression with acorn",
  "line": 169,
  "name": "169:23",
  "place": {
    "line": 169,
    "column": 23,
    "offset": 3563
  },
  "reason": "Could not parse expression with acorn",
  "ruleId": "acorn",
  "source": "micromark-extension-mdx-expression",
  "url": "https://github.com/micromark/micromark-extension-mdx-expression/tree/main/packages/micromark-extension-mdx-expression#could-not-parse-expression-with-acorn"
}

--------------------------

Error: MDX compilation failed for file "G:\repogitory\site-docusaurus-react-study\website\docs\next-study\next_study_107.md"
Cause: Could not parse expression with acorn
Details:
{
  "cause": {
    "pos": 2527,
    "loc": {
      "line": 130,
      "column": 45
    },
    "raisedAt": 4
  },
  "column": 46,
  "file": "",
  "message": "Could not parse expression with acorn",
  "line": 130,
  "name": "130:46",
  "place": {
    "line": 130,
    "column": 46,
    "offset": 2527
  },
  "reason": "Could not parse expression with acorn",
  "ruleId": "acorn",
  "source": "micromark-extension-mdx-expression",
  "url": "https://github.com/micromark/micromark-extension-mdx-expression/tree/main/packages/micromark-extension-mdx-expression#could-not-parse-expression-with-acorn"
}
